{
  "stats": {
    "suites": 2,
    "tests": 2,
    "passes": 2,
    "pending": 0,
    "failures": 0,
    "start": "2023-02-15T10:22:35.036Z",
    "end": "2023-02-15T10:22:35.287Z",
    "duration": 251,
    "testsRegistered": 2,
    "passPercent": 100,
    "pendingPercent": 0,
    "other": 0,
    "hasOther": false,
    "skipped": 0,
    "hasSkipped": false
  },
  "results": [
    {
      "uuid": "8fe62243-ed47-4007-a620-839b7f3b6470",
      "title": "",
      "fullFile": "",
      "file": "",
      "beforeHooks": [],
      "afterHooks": [],
      "tests": [],
      "suites": [
        {
          "uuid": "6973611c-6229-43e0-9775-d1660bf7f3ce",
          "title": "GET /api/v1/product",
          "fullFile": "D:\\Newton\\NODE_ROUTE\\Node_Router\\__tests__\\test.js",
          "file": "\\__tests__\\test.js",
          "beforeHooks": [],
          "afterHooks": [],
          "tests": [
            {
              "title": "it should get all products",
              "fullTitle": "GET /api/v1/product it should get all products",
              "timedOut": false,
              "duration": 66,
              "state": "passed",
              "speed": "medium",
              "pass": true,
              "fail": false,
              "pending": false,
              "context": null,
              "code": "chai\n  .request(server)\n  .get('/api/v1/product')\n  .end((err, res) => {\n    res.should.have.status(200);\n    res.body.should.be.a('object');\n    done();\n  });",
              "err": {},
              "uuid": "a86663d1-085a-431e-831c-3ef0bdeedd06",
              "parentUUID": "6973611c-6229-43e0-9775-d1660bf7f3ce",
              "isHook": false,
              "skipped": false
            }
          ],
          "suites": [],
          "passes": [
            "a86663d1-085a-431e-831c-3ef0bdeedd06"
          ],
          "failures": [],
          "pending": [],
          "skipped": [],
          "duration": 66,
          "root": false,
          "rootEmpty": false,
          "_timeout": 60000
        },
        {
          "uuid": "a67518ea-4cae-4500-ae80-39bbe9f1c969",
          "title": "POST /api/v1/product",
          "fullFile": "D:\\Newton\\NODE_ROUTE\\Node_Router\\__tests__\\test.js",
          "file": "\\__tests__\\test.js",
          "beforeHooks": [],
          "afterHooks": [],
          "tests": [
            {
              "title": "should add a new product",
              "fullTitle": "POST /api/v1/product should add a new product",
              "timedOut": false,
              "duration": 141,
              "state": "passed",
              "speed": "slow",
              "pass": true,
              "fail": false,
              "pending": false,
              "context": null,
              "code": "const newProduct = {\n  title: 'Test Product',\n  price: 9.99,\n};\nchai\n  .request(server)\n  .post('/api/v1/product')\n  .send(newProduct)\n  .end((err, res) => {\n    res.should.have.status(201);\n    res.body.should.be.an('object');\n    done();\n  });",
              "err": {},
              "uuid": "da4d8f38-6c46-4f01-af0f-5b9df233f1ad",
              "parentUUID": "a67518ea-4cae-4500-ae80-39bbe9f1c969",
              "isHook": false,
              "skipped": false
            }
          ],
          "suites": [],
          "passes": [
            "da4d8f38-6c46-4f01-af0f-5b9df233f1ad"
          ],
          "failures": [],
          "pending": [],
          "skipped": [],
          "duration": 141,
          "root": false,
          "rootEmpty": false,
          "_timeout": 60000
        }
      ],
      "passes": [],
      "failures": [],
      "pending": [],
      "skipped": [],
      "duration": 0,
      "root": true,
      "rootEmpty": true,
      "_timeout": 60000
    }
  ],
  "meta": {
    "mocha": {
      "version": "8.2.1"
    },
    "mochawesome": {
      "options": {
        "quiet": false,
        "reportFilename": "mochawesome",
        "saveHtml": true,
        "saveJson": true,
        "consoleReporter": "spec",
        "useInlineDiffs": false,
        "code": true
      },
      "version": "6.2.1"
    },
    "marge": {
      "options": null,
      "version": "5.1.0"
    }
  }
}